<component name="libraryTable">
  <library name="junit-4.3">
    <CLASSES>
      <root url="jar://$PROJECT_DIR$/../../../junit-4.3.jar!/" />
    </CLASSES>
    <JAVADOC />
    <SOURCES />
  </library>
</component>